生成启动时间为 2017/1/17 21:29:12。
     1>项目“F:\mpp_debug\mpp\build\mpp\mpp_shared.vcxproj”在节点 5 上(Build 个目标)。
     1>CustomBuild:
         Building Custom Rule F:/mpp_debug/mpp/mpp/CMakeLists.txt
         CMake does not need to re-run because F:\mpp_debug\mpp\build\mpp\CMakeFiles\generate.stamp is up-to-date.
       ClCompile:
         D:\vs2013\VC\bin\x86_amd64\CL.exe /c /IF:\mpp_debug\mpp\osal\window\pthread\inc /IF:\mpp_debug\mpp\osal\window\pthread\lib\x64 /IF:\mpp_debug\mpp\osal\window\pthread\dll\x64 /IF:\mpp_debug\mpp\inc /IF:\mpp_debug\mpp\utils /IF:\mpp_debug\mpp\osal\inc /IF:\mpp_debug\mpp\mpp\inc /IF:\mpp_debug\mpp\mpp\. /IF:\mpp_debug\mpp\mpp\common /IF:\mpp_debug\mpp\mpp\base\inc /IF:\mpp_debug\mpp\mpp\codec\inc /IF:\mpp_debug\mpp\mpp\hal\inc /Zi /nologo /W3 /WX- /MP /Od /Ob2 /D WIN32 /D _WINDOWS /D _DEBUG /D RK_DEBUG /D ARCH_X86=1 /D ARCH_X64=1 /D _CRT_SECURE_NO_WARNINGS /D HAVE_AVSD /D HAVE_H263D /D HAVE_H264D /D HAVE_H265D /D HAVE_MPEG2D /D HAVE_MPEG4D /D HAVE_VP8D /D HAVE_VP9D /D HAVE_JPEGD /D HAVE_H264E /D HAVE_JPEGE /D HAVE_RMVBD /D "CMAKE_INTDIR=\"Debug\"" /D mpp_shared_EXPORTS /D _WINDLL /D _MBCS /Gm- /EHsc /RTC1 /MDd /GS /fp:precise /Zc:wchar_t /Zc:forScope /GR /Fo"mpp_shared.dir\Debug\\" /Fd"mpp_shared.dir\Debug\vc120.pdb" /Gd /TP /errorReport:prompt F:\mpp_debug\mpp\mpp\mpp_info.cpp F:\mpp_debug\mpp\mpp\mpp.cpp F:\mpp_debug\mpp\mpp\mpi_impl.cpp F:\mpp_debug\mpp\mpp\mpi.cpp
         mpp_info.cpp
         mpp.cpp
         mpi_impl.cpp
         mpi.cpp
       Link:
         D:\vs2013\VC\bin\x86_amd64\link.exe /ERRORREPORT:PROMPT /OUT:"F:\mpp_debug\mpp\build\mpp\Debug\mpp.dll" /INCREMENTAL /NOLOGO kernel32.lib user32.lib gdi32.lib winspool.lib shell32.lib ole32.lib oleaut32.lib uuid.lib comdlg32.lib advapi32.lib Debug\mpp.lib codec\Debug\mpp_codec.lib codec\dec\avs\Debug\codec_avsd.lib codec\dec\h263\Debug\codec_h263d.lib codec\dec\h264\Debug\codec_h264d.lib codec\dec\h265\Debug\codec_h265d.lib codec\dec\m2v\Debug\codec_mpeg2d.lib codec\dec\mpg4\Debug\codec_mpeg4d.lib codec\dec\vp8\Debug\codec_vp8d.lib codec\dec\vp9\Debug\codec_vp9d.lib codec\dec\jpeg\Debug\codec_jpegd.lib codec\enc\h264\Debug\codec_h264e.lib codec\enc\jpeg\Debug\codec_jpege.lib codec\dec\rmvb\Debug\codec_rmvbd.lib codec\enc\dummy\Debug\codec_dummy_enc.lib codec\dec\dummy\Debug\codec_dummy_dec.lib hal\Debug\mpp_hal.lib hal\rkdec\h264d\Debug\hal_h264d.lib hal\Debug\mpp_hal.lib hal\rkdec\h264d\Debug\hal_h264d.lib hal\rkdec\avsd\Debug\hal_avsd.lib hal\vpu\h263d\Debug\hal_h263d.lib hal\rkdec\h265d\Debug\hal_h265d.lib hal\vpu\m2vd\Debug\hal_mpeg2d.lib hal\vpu\mpg4d\Debug\hal_mpeg4d.lib hal\vpu\vp8d\Debug\hal_vp8d.lib hal\rkdec\vp9d\Debug\hal_vp9d.lib hal\vpu\jpegd\Debug\hal_jpegd.lib hal\rkenc\h264e\Debug\hal_h264e.lib hal\vpu\jpege\Debug\hal_jpege.lib hal\vpu\rmvbd\Debug\hal_rmvbd.lib hal\dummy\Debug\hal_dummy.lib base\Debug\mpp_base.lib ..\osal\Debug\osal.lib ..\..\osal\window\pthread\lib\x64\pthreadVC2.lib /MANIFEST /MANIFESTUAC:"level='asInvoker' uiAccess='false'" /manifest:embed /DEBUG /PDB:"F:/mpp_debug/mpp/build/mpp/Debug/mpp.pdb" /SUBSYSTEM:CONSOLE /TLBID:1 /DYNAMICBASE /NXCOMPAT /IMPLIB:"F:/mpp_debug/mpp/build/mpp/Debug/mpp.lib" /MACHINE:X64  /machine:x64 /debug /DLL mpp_shared.dir\Debug\mpp_info.obj
         mpp_shared.dir\Debug\mpp.obj
         mpp_shared.dir\Debug\mpi_impl.obj
         mpp_shared.dir\Debug\mpi.obj
     1>LINK : fatal error LNK1104: 无法打开文件“hal\rkenc\h264e\Debug\hal_h264e.lib”
     1>已完成生成项目“F:\mpp_debug\mpp\build\mpp\mpp_shared.vcxproj”(Build 个目标)的操作 - 失败。

生成失败。

已用时间 00:00:03.28
