生成启动时间为 2017/1/17 21:29:15。
     1>项目“F:\mpp_debug\mpp\build\mpp\legacy\mpp_legacy_shared.vcxproj”在节点 2 上(Build 个目标)。
     1>CustomBuild:
         Building Custom Rule F:/mpp_debug/mpp/mpp/legacy/CMakeLists.txt
         CMake does not need to re-run because F:\mpp_debug\mpp\build\mpp\legacy\CMakeFiles\generate.stamp is up-to-date.
       ClCompile:
         D:\vs2013\VC\bin\x86_amd64\CL.exe /c /IF:\mpp_debug\mpp\osal\window\pthread\inc /IF:\mpp_debug\mpp\osal\window\pthread\lib\x64 /IF:\mpp_debug\mpp\osal\window\pthread\dll\x64 /IF:\mpp_debug\mpp\inc /IF:\mpp_debug\mpp\utils /IF:\mpp_debug\mpp\osal\inc /IF:\mpp_debug\mpp\mpp\inc /IF:\mpp_debug\mpp\mpp\. /IF:\mpp_debug\mpp\mpp\common /IF:\mpp_debug\mpp\mpp\base\inc /IF:\mpp_debug\mpp\mpp\codec\inc /IF:\mpp_debug\mpp\mpp\hal\inc /IF:\mpp_debug\mpp\mpp\legacy\. /Zi /nologo /W3 /WX- /MP /Od /Ob2 /D WIN32 /D _WINDOWS /D _DEBUG /D RK_DEBUG /D ARCH_X86=1 /D ARCH_X64=1 /D _CRT_SECURE_NO_WARNINGS /D HAVE_AVSD /D HAVE_H263D /D HAVE_H264D /D HAVE_H265D /D HAVE_MPEG2D /D HAVE_MPEG4D /D HAVE_VP8D /D HAVE_VP9D /D HAVE_JPEGD /D HAVE_H264E /D HAVE_JPEGE /D HAVE_RMVBD /D "CMAKE_INTDIR=\"Debug\"" /D mpp_legacy_shared_EXPORTS /D _WINDLL /D _MBCS /Gm- /EHsc /RTC1 /MDd /GS /fp:precise /Zc:wchar_t /Zc:forScope /GR /Fo"mpp_legacy_shared.dir\Debug\\" /Fd"mpp_legacy_shared.dir\Debug\vc120.pdb" /Gd /TP /errorReport:prompt F:\mpp_debug\mpp\mpp\legacy\vpu_api.cpp F:\mpp_debug\mpp\mpp\legacy\vpu_api_legacy.cpp F:\mpp_debug\mpp\mpp\legacy\rk_list.cpp F:\mpp_debug\mpp\mpp\legacy\ppOp.cpp F:\mpp_debug\mpp\mpp\mpp_info.cpp
         vpu_api.cpp
         vpu_api_legacy.cpp
         rk_list.cpp
         ppOp.cpp
         mpp_info.cpp
     1>F:\mpp_debug\mpp\mpp\legacy\vpu_api_legacy.cpp(599): warning C4267: “=”: 从“size_t”转换到“RK_U32”，可能丢失数据
         D:\vs2013\VC\bin\x86_amd64\CL.exe /c /IF:\mpp_debug\mpp\osal\window\pthread\inc /IF:\mpp_debug\mpp\osal\window\pthread\lib\x64 /IF:\mpp_debug\mpp\osal\window\pthread\dll\x64 /IF:\mpp_debug\mpp\inc /IF:\mpp_debug\mpp\utils /IF:\mpp_debug\mpp\osal\inc /IF:\mpp_debug\mpp\mpp\inc /IF:\mpp_debug\mpp\mpp\. /IF:\mpp_debug\mpp\mpp\common /IF:\mpp_debug\mpp\mpp\base\inc /IF:\mpp_debug\mpp\mpp\codec\inc /IF:\mpp_debug\mpp\mpp\hal\inc /IF:\mpp_debug\mpp\mpp\legacy\. /Zi /nologo /W3 /WX- /MP /Od /Ob2 /D WIN32 /D _WINDOWS /D _DEBUG /D RK_DEBUG /D ARCH_X86=1 /D ARCH_X64=1 /D _CRT_SECURE_NO_WARNINGS /D HAVE_AVSD /D HAVE_H263D /D HAVE_H264D /D HAVE_H265D /D HAVE_MPEG2D /D HAVE_MPEG4D /D HAVE_VP8D /D HAVE_VP9D /D HAVE_JPEGD /D HAVE_H264E /D HAVE_JPEGE /D HAVE_RMVBD /D "CMAKE_INTDIR=\"Debug\"" /D mpp_legacy_shared_EXPORTS /D _WINDLL /D _MBCS /Gm- /EHsc /RTC1 /MDd /GS /fp:precise /Zc:wchar_t /Zc:forScope /GR /Fo"mpp_legacy_shared.dir\Debug\\" /Fd"mpp_legacy_shared.dir\Debug\vc120.pdb" /Gd /TC /errorReport:prompt F:\mpp_debug\mpp\mpp\legacy\vpu_mem_legacy.c
         vpu_mem_legacy.c
       Link:
         D:\vs2013\VC\bin\x86_amd64\link.exe /ERRORREPORT:PROMPT /OUT:"F:\mpp_debug\mpp\build\mpp\legacy\Debug\vpu.dll" /INCREMENTAL /NOLOGO kernel32.lib user32.lib gdi32.lib winspool.lib shell32.lib ole32.lib oleaut32.lib uuid.lib comdlg32.lib advapi32.lib ..\Debug\mpp.lib ..\Debug\mpp.lib ..\codec\Debug\mpp_codec.lib ..\codec\dec\avs\Debug\codec_avsd.lib ..\codec\dec\h263\Debug\codec_h263d.lib ..\codec\dec\h264\Debug\codec_h264d.lib ..\codec\dec\h265\Debug\codec_h265d.lib ..\codec\dec\m2v\Debug\codec_mpeg2d.lib ..\codec\dec\mpg4\Debug\codec_mpeg4d.lib ..\codec\dec\vp8\Debug\codec_vp8d.lib ..\codec\dec\vp9\Debug\codec_vp9d.lib ..\codec\dec\jpeg\Debug\codec_jpegd.lib ..\codec\enc\h264\Debug\codec_h264e.lib ..\codec\enc\jpeg\Debug\codec_jpege.lib ..\codec\dec\rmvb\Debug\codec_rmvbd.lib ..\codec\enc\dummy\Debug\codec_dummy_enc.lib ..\codec\dec\dummy\Debug\codec_dummy_dec.lib ..\hal\Debug\mpp_hal.lib ..\hal\rkdec\h264d\Debug\hal_h264d.lib ..\hal\Debug\mpp_hal.lib ..\hal\rkdec\h264d\Debug\hal_h264d.lib ..\hal\rkdec\avsd\Debug\hal_avsd.lib ..\hal\vpu\h263d\Debug\hal_h263d.lib ..\hal\rkdec\h265d\Debug\hal_h265d.lib ..\hal\vpu\m2vd\Debug\hal_mpeg2d.lib ..\hal\vpu\mpg4d\Debug\hal_mpeg4d.lib ..\hal\vpu\vp8d\Debug\hal_vp8d.lib ..\hal\rkdec\vp9d\Debug\hal_vp9d.lib ..\hal\vpu\jpegd\Debug\hal_jpegd.lib ..\hal\rkenc\h264e\Debug\hal_h264e.lib ..\hal\vpu\jpege\Debug\hal_jpege.lib ..\hal\vpu\rmvbd\Debug\hal_rmvbd.lib ..\hal\dummy\Debug\hal_dummy.lib ..\base\Debug\mpp_base.lib ..\..\osal\Debug\osal.lib ..\..\..\osal\window\pthread\lib\x64\pthreadVC2.lib /MANIFEST /MANIFESTUAC:"level='asInvoker' uiAccess='false'" /manifest:embed /DEBUG /PDB:"F:/mpp_debug/mpp/build/mpp/legacy/Debug/vpu.pdb" /SUBSYSTEM:CONSOLE /TLBID:1 /DYNAMICBASE /NXCOMPAT /IMPLIB:"F:/mpp_debug/mpp/build/mpp/legacy/Debug/vpu.lib" /MACHINE:X64  /machine:x64 /debug /DLL mpp_legacy_shared.dir\Debug\vpu_api.obj
         mpp_legacy_shared.dir\Debug\vpu_api_legacy.obj
         mpp_legacy_shared.dir\Debug\vpu_mem_legacy.obj
         mpp_legacy_shared.dir\Debug\rk_list.obj
         mpp_legacy_shared.dir\Debug\ppOp.obj
         mpp_legacy_shared.dir\Debug\mpp_info.obj
     1>LINK : fatal error LNK1104: 无法打开文件“..\hal\rkenc\h264e\Debug\hal_h264e.lib”
     1>已完成生成项目“F:\mpp_debug\mpp\build\mpp\legacy\mpp_legacy_shared.vcxproj”(Build 个目标)的操作 - 失败。

生成失败。

已用时间 00:00:05.35
