生成启动时间为 2017/1/17 21:28:29。
     1>项目“F:\mpp_debug\mpp\build\mpp\base\mpp_base.vcxproj”在节点 3 上(Build 个目标)。
     1>CustomBuild:
         Building Custom Rule F:/mpp_debug/mpp/mpp/base/CMakeLists.txt
         CMake does not need to re-run because F:\mpp_debug\mpp\build\mpp\base\CMakeFiles\generate.stamp is up-to-date.
       ClCompile:
         D:\vs2013\VC\bin\x86_amd64\CL.exe /c /IF:\mpp_debug\mpp\osal\window\pthread\inc /IF:\mpp_debug\mpp\osal\window\pthread\lib\x64 /IF:\mpp_debug\mpp\osal\window\pthread\dll\x64 /IF:\mpp_debug\mpp\inc /IF:\mpp_debug\mpp\utils /IF:\mpp_debug\mpp\osal\inc /IF:\mpp_debug\mpp\mpp\inc /IF:\mpp_debug\mpp\mpp\. /IF:\mpp_debug\mpp\mpp\common /IF:\mpp_debug\mpp\mpp\base\inc /IF:\mpp_debug\mpp\mpp\codec\inc /IF:\mpp_debug\mpp\mpp\hal\inc /Zi /nologo /W3 /WX- /MP /Od /Ob2 /D WIN32 /D _WINDOWS /D _DEBUG /D RK_DEBUG /D ARCH_X86=1 /D ARCH_X64=1 /D _CRT_SECURE_NO_WARNINGS /D HAVE_AVSD /D HAVE_H263D /D HAVE_H264D /D HAVE_H265D /D HAVE_MPEG2D /D HAVE_MPEG4D /D HAVE_VP8D /D HAVE_VP9D /D HAVE_JPEGD /D HAVE_H264E /D HAVE_JPEGE /D HAVE_RMVBD /D "CMAKE_INTDIR=\"Debug\"" /D _MBCS /Gm- /EHsc /RTC1 /MDd /GS /fp:precise /Zc:wchar_t /Zc:forScope /GR /Fo"mpp_base.dir\Debug\\" /Fd"mpp_base.dir\Debug\vc120.pdb" /Gd /TP /errorReport:prompt F:\mpp_debug\mpp\mpp\base\mpp_buf_slot.cpp F:\mpp_debug\mpp\mpp\base\mpp_buffer_impl.cpp F:\mpp_debug\mpp\mpp\base\mpp_buffer.cpp F:\mpp_debug\mpp\mpp\base\mpp_packet.cpp F:\mpp_debug\mpp\mpp\base\mpp_frame.cpp F:\mpp_debug\mpp\mpp\base\mpp_task_impl.cpp F:\mpp_debug\mpp\mpp\base\mpp_task.cpp F:\mpp_debug\mpp\mpp\base\mpp_meta.cpp
         mpp_buf_slot.cpp
         mpp_buffer_impl.cpp
         mpp_buffer.cpp
         mpp_packet.cpp
         mpp_frame.cpp
         mpp_task_impl.cpp
         mpp_task.cpp
         mpp_meta.cpp
         D:\vs2013\VC\bin\x86_amd64\CL.exe /c /IF:\mpp_debug\mpp\osal\window\pthread\inc /IF:\mpp_debug\mpp\osal\window\pthread\lib\x64 /IF:\mpp_debug\mpp\osal\window\pthread\dll\x64 /IF:\mpp_debug\mpp\inc /IF:\mpp_debug\mpp\utils /IF:\mpp_debug\mpp\osal\inc /IF:\mpp_debug\mpp\mpp\inc /IF:\mpp_debug\mpp\mpp\. /IF:\mpp_debug\mpp\mpp\common /IF:\mpp_debug\mpp\mpp\base\inc /IF:\mpp_debug\mpp\mpp\codec\inc /IF:\mpp_debug\mpp\mpp\hal\inc /Zi /nologo /W3 /WX- /MP /Od /Ob2 /D WIN32 /D _WINDOWS /D _DEBUG /D RK_DEBUG /D ARCH_X86=1 /D ARCH_X64=1 /D _CRT_SECURE_NO_WARNINGS /D HAVE_AVSD /D HAVE_H263D /D HAVE_H264D /D HAVE_H265D /D HAVE_MPEG2D /D HAVE_MPEG4D /D HAVE_VP8D /D HAVE_VP9D /D HAVE_JPEGD /D HAVE_H264E /D HAVE_JPEGE /D HAVE_RMVBD /D "CMAKE_INTDIR=\"Debug\"" /D _MBCS /Gm- /EHsc /RTC1 /MDd /GS /fp:precise /Zc:wchar_t /Zc:forScope /GR /Fo"mpp_base.dir\Debug\\" /Fd"mpp_base.dir\Debug\vc120.pdb" /Gd /TC /errorReport:prompt F:\mpp_debug\mpp\mpp\base\mpp_bitread.c F:\mpp_debug\mpp\mpp\base\mpp_bitput.c
         mpp_bitread.c
         mpp_bitput.c
       Lib:
         D:\vs2013\VC\bin\x86_amd64\Lib.exe /OUT:"F:\mpp_debug\mpp\build\mpp\base\Debug\mpp_base.lib" /NOLOGO /MACHINE:X64  /machine:x64 mpp_base.dir\Debug\mpp_buf_slot.obj
         mpp_base.dir\Debug\mpp_buffer_impl.obj
         mpp_base.dir\Debug\mpp_buffer.obj
         mpp_base.dir\Debug\mpp_packet.obj
         mpp_base.dir\Debug\mpp_frame.obj
         mpp_base.dir\Debug\mpp_task_impl.obj
         mpp_base.dir\Debug\mpp_task.obj
         mpp_base.dir\Debug\mpp_meta.obj
         mpp_base.dir\Debug\mpp_bitread.obj
         mpp_base.dir\Debug\mpp_bitput.obj
         mpp_base.vcxproj -> F:\mpp_debug\mpp\build\mpp\base\Debug\mpp_base.lib
     1>已完成生成项目“F:\mpp_debug\mpp\build\mpp\base\mpp_base.vcxproj”(Build 个目标)的操作。

生成成功。

已用时间 00:00:05.96
